Mr. Swizzle: Image processor for PBR Textures
Loading image data\meshes\shaderBall\BrickBrownA4x.dds
Loading image data\meshes\shaderBall\BrickBrownN4x.dds
Loading image data\meshes\shaderBall\BrickBrownRMC4x.dds
Loading image data\meshes\shaderBall\IndentA.dds
Loading image data\meshes\shaderBall\IndentN.dds
Loading image data\meshes\shaderBall\IndentRMC.dds
Loading image data\meshes\shaderBall\CushionA.dds
Loading image data\meshes\shaderBall\CushionN.dds
Loading image data\meshes\shaderBall\CushionRMC.dds
Loading image data\meshes\shaderBall\KAlbedo.dds
Loading image data\meshes\shaderBall\KN.dds
Loading image data\meshes\shaderBall\KRMC.dds
Loading image data/Textures/environment/PaperMill_E_3k.dds
Loading image data/Textures/BakerLogo.dds
Loading image data/Textures/default.dds
Loading image data/textures/BbTitles/gametextures_logo.dds
Loading image TGA/Brick_BrownLux_2k_TGA/Brick_BrownLux_2k_n.tga
Loading image TGA/Brick_BrownLux_2k_TGA/Brick_BrownLux_2k_g.tga
Loading image TGA/Brick_BrownLux_2k_TGA/Brick_BrownLux_2k_mask.tga
Loading image TGA/Brick_BrownLux_2k_TGA/Brick_BrownLux_2k_ao.tga
Loading image TGA/Brick_BrownLux_2k_TGA/Brick_BrownLux_2k_alb.tga
Loading image TGA/Brick_BrownLux_2k_TGA/Brick_BrownLux_2k_s.tga
Saving to C:\poo_alb.dds
